<?xml version="1.0" encoding="UTF-8"?>
<!-- Generated by org.testng.reporters.JUnitXMLReporter -->
<testsuite ignored="0" hostname="BLR1-LMC-N89524.local" failures="0" tests="2" name="Default test" time="91.658" errors="0" timestamp="2025-08-22T14:38:38 IST">
  <testcase classname="com.projectmanagement.TablePage.test.TablePageTest" name="Test" time="0.02"/>
  <testcase classname="com.projectmanagement.TablePage.test.TablePageTest" name="TablePage_E2E_Test" time="68.414"/>
</testsuite> <!-- Default test -->
