<?xml version="1.0" encoding="UTF-8"?>
<testng-results ignored="0" total="2" passed="2" failed="0" skipped="0">
  <reporter-output>
  </reporter-output>
  <suite started-at="2025-08-22T14:52:02 IST" name="QuickBase" finished-at="2025-08-22T14:53:12 IST" duration-ms="69955">
    <groups>
      <group name="E2E">
        <method signature="TablePageTest.TablePage_E2E_Test()[pri:1, instance:com.projectmanagement.TablePage.test.TablePageTest@198b6731]" name="TablePage_E2E_Test" class="com.projectmanagement.TablePage.test.TablePageTest"/>
      </group> <!-- E2E -->
    </groups>
    <test started-at="2025-08-22T14:52:02 IST" name="TablePageTest" finished-at="2025-08-22T14:53:12 IST" duration-ms="69955">
      <class name="com.projectmanagement.TablePage.test.TablePageTest">
        <test-method is-config="true" signature="setUp()[pri:0, instance:com.projectmanagement.TablePage.test.TablePageTest@198b6731]" started-at="2025-08-22T14:52:02 IST" name="setUp" finished-at="2025-08-22T14:52:11 IST" duration-ms="8428" status="PASS">
          <reporter-output>
          </reporter-output>
        </test-method> <!-- setUp -->
        <test-method signature="Test()[pri:0, instance:com.projectmanagement.TablePage.test.TablePageTest@198b6731]" started-at="2025-08-22T14:52:11 IST" name="Test" finished-at="2025-08-22T14:52:11 IST" duration-ms="20" status="PASS">
          <reporter-output>
          </reporter-output>
        </test-method> <!-- Test -->
        <test-method is-config="true" signature="tearDown(org.testng.ITestResult)[pri:0, instance:com.projectmanagement.TablePage.test.TablePageTest@198b6731]" started-at="2025-08-22T14:52:11 IST" name="tearDown" finished-at="2025-08-22T14:52:12 IST" duration-ms="643" status="PASS">
          <params>
            <param index="0">
              <value>
                <![CDATA[[TestResult name=Test status=SUCCESS method=TablePageTest.Test()[pri:0, instance:com.projectmanagement.TablePage.test.TablePageTest@198b6731] output={null}]]]>
              </value>
            </param>
          </params>
          <reporter-output>
          </reporter-output>
        </test-method> <!-- tearDown -->
        <test-method is-config="true" signature="setUp()[pri:0, instance:com.projectmanagement.TablePage.test.TablePageTest@198b6731]" started-at="2025-08-22T14:52:12 IST" name="setUp" finished-at="2025-08-22T14:52:18 IST" duration-ms="6293" status="PASS">
          <reporter-output>
          </reporter-output>
        </test-method> <!-- setUp -->
        <test-method signature="TablePage_E2E_Test()[pri:1, instance:com.projectmanagement.TablePage.test.TablePageTest@198b6731]" started-at="2025-08-22T14:52:18 IST" name="TablePage_E2E_Test" finished-at="2025-08-22T14:53:02 IST" depends-on-methods="com.projectmanagement.TablePage.test.TablePageTest.Test" duration-ms="43728" status="PASS">
          <reporter-output>
          </reporter-output>
        </test-method> <!-- TablePage_E2E_Test -->
        <test-method is-config="true" signature="tearDown(org.testng.ITestResult)[pri:0, instance:com.projectmanagement.TablePage.test.TablePageTest@198b6731]" started-at="2025-08-22T14:53:02 IST" name="tearDown" finished-at="2025-08-22T14:53:12 IST" duration-ms="10750" status="PASS">
          <params>
            <param index="0">
              <value>
                <![CDATA[[TestResult name=TablePage_E2E_Test status=SUCCESS method=TablePageTest.TablePage_E2E_Test()[pri:1, instance:com.projectmanagement.TablePage.test.TablePageTest@198b6731] output={null}]]]>
              </value>
            </param>
          </params>
          <reporter-output>
          </reporter-output>
        </test-method> <!-- tearDown -->
      </class> <!-- com.projectmanagement.TablePage.test.TablePageTest -->
    </test> <!-- TablePageTest -->
  </suite> <!-- QuickBase -->
</testng-results>
