<?xml version="1.0" encoding="UTF-8"?>
<!-- Generated by org.testng.reporters.JUnitXMLReporter -->
<testsuite ignored="0" hostname="BLR1-LMC-N89524.local" failures="0" tests="2" name="TablePageTest" time="69.955" errors="0" timestamp="2025-08-22T14:53:12 IST">
  <testcase classname="com.projectmanagement.TablePage.test.TablePageTest" name="Test" time="0.02"/>
  <testcase classname="com.projectmanagement.TablePage.test.TablePageTest" name="TablePage_E2E_Test" time="43.728"/>
</testsuite> <!-- TablePageTest -->
